app/build/outputs/logs/manifest-merger-debug-report.txt
-- Merging decision tree log ---
manifest
ADDED from src/main/AndroidManifest.xml:2:1-56:12
INJECTED from src/main/AndroidManifest.xml:2:1-56:12
INJECTED from src/main/AndroidManifest.xml:2:1-56:12
MERGED from [org.alfonz:alfonz-adapter:0.9.0] AndroidManifest.xml:2:1-11:12
MERGED from [org.alfonz:alfonz-arch:0.9.0] AndroidManifest.xml:2:1-11:12
MERGED from [com.android.databinding:adapters:3.1.3] AndroidManifest.xml:17:1-24:12
MERGED from [com.android.databinding:library:3.1.3] AndroidManifest.xml:17:1-24:12
MERGED from [com.squareup.leakcanary:leakcanary-android:1.5.4] AndroidManifest.xml:17:1-61:12
MERGED from [org.alfonz:alfonz-utility:0.9.0] AndroidManifest.xml:2:1-11:12
MERGED from [com.android.support:design:27.1.1] AndroidManifest.xml:17:1-22:12
MERGED from [com.android.support:recyclerview-v7:27.1.1] AndroidManifest.xml:17:1-22:12
MERGED from [com.android.support:appcompat-v7:27.1.1] AndroidManifest.xml:17:1-22:12
MERGED from [com.android.support:animated-vector-drawable:27.1.1] AndroidManifest.xml:17:1-22:12
MERGED from [com.android.support:support-v4:27.1.1] AndroidManifest.xml:17:1-22:12
MERGED from [android.arch.lifecycle:extensions:1.1.1] AndroidManifest.xml:17:1-30:12
MERGED from [com.android.support:support-fragment:27.1.1] AndroidManifest.xml:17:1-22:12
MERGED from [com.android.support:support-core-ui:27.1.1] AndroidManifest.xml:17:1-22:12
MERGED from [com.android.support:support-vector-drawable:27.1.1] AndroidManifest.xml:17:1-22:12
MERGED from [com.android.support:transition:27.1.1] AndroidManifest.xml:17:1-22:12
MERGED from [com.android.support:support-media-compat:27.1.1] AndroidManifest.xml:17:1-22:12
MERGED from [org.alfonz:alfonz-rest:0.9.0] AndroidManifest.xml:2:1-11:12
MERGED from [org.alfonz:alfonz-rx:0.9.0] AndroidManifest.xml:2:1-11:12
MERGED from [com.android.support:support-core-utils:27.1.1] AndroidManifest.xml:17:1-22:12
MERGED from [com.android.support:support-compat:27.1.1] AndroidManifest.xml:17:1-22:12
MERGED from [org.alfonz:alfonz-graphics:0.9.0] AndroidManifest.xml:2:1-11:12
MERGED from [org.alfonz:alfonz-view:0.9.0] AndroidManifest.xml:2:1-11:12
MERGED from [android.arch.lifecycle:runtime:1.1.1] AndroidManifest.xml:17:1-22:12
MERGED from [android.arch.lifecycle:livedata:1.1.1] AndroidManifest.xml:17:1-22:12
MERGED from [android.arch.lifecycle:livedata-core:1.1.1] AndroidManifest.xml:17:1-22:12
MERGED from [android.arch.core:runtime:1.1.1] AndroidManifest.xml:17:1-22:12
MERGED from [android.arch.lifecycle:viewmodel:1.1.1] AndroidManifest.xml:17:1-22:12
MERGED from [com.android.support.constraint:constraint-layout:1.1.2] AndroidManifest.xml:2:1-11:12
MERGED from [com.github.bumptech.glide:okhttp3-integration:1.5.0] AndroidManifest.xml:2:1-16:12
MERGED from [io.reactivex.rxjava2:rxandroid:2.0.2] AndroidManifest.xml:15:1-21:12
MERGED from [com.squareup.leakcanary:leakcanary-analyzer:1.5.4] AndroidManifest.xml:17:1-25:12
INJECTED from src/main/AndroidManifest.xml:2:1-56:12
INJECTED from src/main/AndroidManifest.xml:2:1-56:12
	package
		ADDED from src/main/AndroidManifest.xml:5:5-46
		INJECTED from src/main/AndroidManifest.xml
		INJECTED from src/main/AndroidManifest.xml
	android:versionName
		INJECTED from src/main/AndroidManifest.xml
		ADDED from src/main/AndroidManifest.xml:2:1-56:12
		INJECTED from src/main/AndroidManifest.xml
	xmlns:android
		ADDED from src/main/AndroidManifest.xml:3:5-63
	android:installLocation
		ADDED from src/main/AndroidManifest.xml:4:5-35
uses-permission#android.permission.INTERNET
ADDED from src/main/AndroidManifest.xml:7:5-67
	android:name
		ADDED from src/main/AndroidManifest.xml:7:22-64
uses-permission#android.permission.ACCESS_NETWORK_STATE
ADDED from src/main/AndroidManifest.xml:8:5-79
	android:name
		ADDED from src/main/AndroidManifest.xml:8:22-76
uses-permission#android.permission.WRITE_EXTERNAL_STORAGE
ADDED from src/main/AndroidManifest.xml:9:5-81
MERGED from [com.squareup.leakcanary:leakcanary-android:1.5.4] AndroidManifest.xml:24:5-81
MERGED from [com.squareup.leakcanary:leakcanary-android:1.5.4] AndroidManifest.xml:24:5-81
	android:name
		ADDED from src/main/AndroidManifest.xml:9:22-78
uses-permission#android.permission.READ_EXTERNAL_STORAGE
ADDED from src/main/AndroidManifest.xml:10:5-79
MERGED from [com.squareup.leakcanary:leakcanary-android:1.5.4] AndroidManifest.xml:23:5-80
MERGED from [com.squareup.leakcanary:leakcanary-android:1.5.4] AndroidManifest.xml:23:5-80
	android:name
		ADDED from src/main/AndroidManifest.xml:10:22-77
uses-permission#android.permission.WRITE_INTERNAL_STORAGE
ADDED from src/main/AndroidManifest.xml:11:5-81
	android:name
		ADDED from src/main/AndroidManifest.xml:11:22-78
uses-permission#android.permission.READ_INTERNAL_STORAGE
ADDED from src/main/AndroidManifest.xml:12:5-79
	android:name
		ADDED from src/main/AndroidManifest.xml:12:22-77
application
ADDED from src/main/AndroidManifest.xml:15:5-55:19
MERGED from [com.squareup.leakcanary:leakcanary-android:1.5.4] AndroidManifest.xml:26:5-59:19
MERGED from [com.squareup.leakcanary:leakcanary-android:1.5.4] AndroidManifest.xml:26:5-59:19
MERGED from [android.arch.lifecycle:extensions:1.1.1] AndroidManifest.xml:22:5-28:19
MERGED from [android.arch.lifecycle:extensions:1.1.1] AndroidManifest.xml:22:5-28:19
MERGED from [com.android.support.constraint:constraint-layout:1.1.2] AndroidManifest.xml:9:5-20
MERGED from [com.android.support.constraint:constraint-layout:1.1.2] AndroidManifest.xml:9:5-20
MERGED from [com.github.bumptech.glide:okhttp3-integration:1.5.0] AndroidManifest.xml:10:5-14:19
MERGED from [com.github.bumptech.glide:okhttp3-integration:1.5.0] AndroidManifest.xml:10:5-14:19
MERGED from [com.squareup.leakcanary:leakcanary-analyzer:1.5.4] AndroidManifest.xml:23:5-20
MERGED from [com.squareup.leakcanary:leakcanary-analyzer:1.5.4] AndroidManifest.xml:23:5-20
	android:supportsRtl
		ADDED from src/main/AndroidManifest.xml:22:9-35
	android:label
		ADDED from src/main/AndroidManifest.xml:18:9-41
	android:hardwareAccelerated
		ADDED from src/main/AndroidManifest.xml:20:9-43
	android:icon
		ADDED from src/main/AndroidManifest.xml:17:9-43
	android:allowBackup
		ADDED from src/main/AndroidManifest.xml:21:9-35
	android:theme
		ADDED from src/main/AndroidManifest.xml:19:9-50
	android:name
		ADDED from src/main/AndroidManifest.xml:16:9-42
activity#com.flexifinance.app.sim_loader.activity.StockListActivity
ADDED from src/main/AndroidManifest.xml:24:9-32:20
	android:label
		ADDED from src/main/AndroidManifest.xml:26:13-45
	android:launchMode
		ADDED from src/main/AndroidManifest.xml:27:13-42
	android:name
		ADDED from src/main/AndroidManifest.xml:25:13-55
intent-filter#action:name:android.intent.action.MAIN+category:name:android.intent.category.LAUNCHER
ADDED from src/main/AndroidManifest.xml:28:13-31:29
action#android.intent.action.MAIN
ADDED from src/main/AndroidManifest.xml:29:17-69
	android:name
		ADDED from src/main/AndroidManifest.xml:29:25-66
category#android.intent.category.LAUNCHER
ADDED from src/main/AndroidManifest.xml:30:17-77
	android:name
		ADDED from src/main/AndroidManifest.xml:30:27-74
activity#com.flexifinance.app.sim_loader.activity.StockDetailActivity
ADDED from src/main/AndroidManifest.xml:34:9-39:20
	android:parentActivityName
		ADDED from src/main/AndroidManifest.xml:38:13-69
	android:label
		ADDED from src/main/AndroidManifest.xml:36:13-55
	android:launchMode
		ADDED from src/main/AndroidManifest.xml:37:13-42
	android:name
		ADDED from src/main/AndroidManifest.xml:35:13-57
activity#com.flexifinance.app.sim_loader.activity.HelloWorldActivity
ADDED from src/main/AndroidManifest.xml:41:9-46:20
	android:parentActivityName
		ADDED from src/main/AndroidManifest.xml:45:13-69
	android:label
		ADDED from src/main/AndroidManifest.xml:43:13-54
	android:launchMode
		ADDED from src/main/AndroidManifest.xml:44:13-42
	android:name
		ADDED from src/main/AndroidManifest.xml:42:13-56
activity#com.flexifinance.app.sim_loader.activity.StockPagerActivity
ADDED from src/main/AndroidManifest.xml:48:9-53:20
	android:parentActivityName
		ADDED from src/main/AndroidManifest.xml:52:13-69
	android:label
		ADDED from src/main/AndroidManifest.xml:50:13-54
	android:launchMode
		ADDED from src/main/AndroidManifest.xml:51:13-42
	android:name
		ADDED from src/main/AndroidManifest.xml:49:13-56
uses-sdk
INJECTED from src/main/AndroidManifest.xml reason: use-sdk injection requested
INJECTED from src/main/AndroidManifest.xml
INJECTED from src/main/AndroidManifest.xml
MERGED from [org.alfonz:alfonz-adapter:0.9.0] AndroidManifest.xml:7:5-9:41
MERGED from [org.alfonz:alfonz-adapter:0.9.0] AndroidManifest.xml:7:5-9:41
MERGED from [org.alfonz:alfonz-arch:0.9.0] AndroidManifest.xml:7:5-9:41
MERGED from [org.alfonz:alfonz-arch:0.9.0] AndroidManifest.xml:7:5-9:41
MERGED from [com.android.databinding:adapters:3.1.3] AndroidManifest.xml:22:5-44
MERGED from [com.android.databinding:adapters:3.1.3] AndroidManifest.xml:22:5-44
MERGED from [com.android.databinding:library:3.1.3] AndroidManifest.xml:22:5-44
MERGED from [com.android.databinding:library:3.1.3] AndroidManifest.xml:22:5-44
MERGED from [com.squareup.leakcanary:leakcanary-android:1.5.4] AndroidManifest.xml:20:5-44
MERGED from [com.squareup.leakcanary:leakcanary-android:1.5.4] AndroidManifest.xml:20:5-44
MERGED from [org.alfonz:alfonz-utility:0.9.0] AndroidManifest.xml:7:5-9:41
MERGED from [org.alfonz:alfonz-utility:0.9.0] AndroidManifest.xml:7:5-9:41
MERGED from [com.android.support:design:27.1.1] AndroidManifest.xml:20:5-44
MERGED from [com.android.support:design:27.1.1] AndroidManifest.xml:20:5-44
MERGED from [com.android.support:recyclerview-v7:27.1.1] AndroidManifest.xml:20:5-44
MERGED from [com.android.support:recyclerview-v7:27.1.1] AndroidManifest.xml:20:5-44
MERGED from [com.android.support:appcompat-v7:27.1.1] AndroidManifest.xml:20:5-44
MERGED from [com.android.support:appcompat-v7:27.1.1] AndroidManifest.xml:20:5-44
MERGED from [com.android.support:animated-vector-drawable:27.1.1] AndroidManifest.xml:20:5-44
MERGED from [com.android.support:animated-vector-drawable:27.1.1] AndroidManifest.xml:20:5-44
MERGED from [com.android.support:support-v4:27.1.1] AndroidManifest.xml:20:5-44
MERGED from [com.android.support:support-v4:27.1.1] AndroidManifest.xml:20:5-44
MERGED from [android.arch.lifecycle:extensions:1.1.1] AndroidManifest.xml:20:5-44
MERGED from [android.arch.lifecycle:extensions:1.1.1] AndroidManifest.xml:20:5-44
MERGED from [com.android.support:support-fragment:27.1.1] AndroidManifest.xml:20:5-44
MERGED from [com.android.support:support-fragment:27.1.1] AndroidManifest.xml:20:5-44
MERGED from [com.android.support:support-core-ui:27.1.1] AndroidManifest.xml:20:5-44
MERGED from [com.android.support:support-core-ui:27.1.1] AndroidManifest.xml:20:5-44
MERGED from [com.android.support:support-vector-drawable:27.1.1] AndroidManifest.xml:20:5-44
MERGED from [com.android.support:support-vector-drawable:27.1.1] AndroidManifest.xml:20:5-44
MERGED from [com.android.support:transition:27.1.1] AndroidManifest.xml:20:5-44
MERGED from [com.android.support:transition:27.1.1] AndroidManifest.xml:20:5-44
MERGED from [com.android.support:support-media-compat:27.1.1] AndroidManifest.xml:20:5-44
MERGED from [com.android.support:support-media-compat:27.1.1] AndroidManifest.xml:20:5-44
MERGED from [org.alfonz:alfonz-rest:0.9.0] AndroidManifest.xml:7:5-9:41
MERGED from [org.alfonz:alfonz-rest:0.9.0] AndroidManifest.xml:7:5-9:41
MERGED from [org.alfonz:alfonz-rx:0.9.0] AndroidManifest.xml:7:5-9:41
MERGED from [org.alfonz:alfonz-rx:0.9.0] AndroidManifest.xml:7:5-9:41
MERGED from [com.android.support:support-core-utils:27.1.1] AndroidManifest.xml:20:5-44
MERGED from [com.android.support:support-core-utils:27.1.1] AndroidManifest.xml:20:5-44
MERGED from [com.android.support:support-compat:27.1.1] AndroidManifest.xml:20:5-44
MERGED from [com.android.support:support-compat:27.1.1] AndroidManifest.xml:20:5-44
MERGED from [org.alfonz:alfonz-graphics:0.9.0] AndroidManifest.xml:7:5-9:41
MERGED from [org.alfonz:alfonz-graphics:0.9.0] AndroidManifest.xml:7:5-9:41
MERGED from [org.alfonz:alfonz-view:0.9.0] AndroidManifest.xml:7:5-9:41
MERGED from [org.alfonz:alfonz-view:0.9.0] AndroidManifest.xml:7:5-9:41
MERGED from [android.arch.lifecycle:runtime:1.1.1] AndroidManifest.xml:20:5-44
MERGED from [android.arch.lifecycle:runtime:1.1.1] AndroidManifest.xml:20:5-44
MERGED from [android.arch.lifecycle:livedata:1.1.1] AndroidManifest.xml:20:5-44
MERGED from [android.arch.lifecycle:livedata:1.1.1] AndroidManifest.xml:20:5-44
MERGED from [android.arch.lifecycle:livedata-core:1.1.1] AndroidManifest.xml:20:5-44
MERGED from [android.arch.lifecycle:livedata-core:1.1.1] AndroidManifest.xml:20:5-44
MERGED from [android.arch.core:runtime:1.1.1] AndroidManifest.xml:20:5-44
MERGED from [android.arch.core:runtime:1.1.1] AndroidManifest.xml:20:5-44
MERGED from [android.arch.lifecycle:viewmodel:1.1.1] AndroidManifest.xml:20:5-44
MERGED from [android.arch.lifecycle:viewmodel:1.1.1] AndroidManifest.xml:20:5-44
MERGED from [com.android.support.constraint:constraint-layout:1.1.2] AndroidManifest.xml:5:5-7:41
MERGED from [com.android.support.constraint:constraint-layout:1.1.2] AndroidManifest.xml:5:5-7:41
MERGED from [com.github.bumptech.glide:okhttp3-integration:1.5.0] AndroidManifest.xml:6:5-8:41
MERGED from [com.github.bumptech.glide:okhttp3-integration:1.5.0] AndroidManifest.xml:6:5-8:41
MERGED from [io.reactivex.rxjava2:rxandroid:2.0.2] AndroidManifest.xml:19:5-43
MERGED from [io.reactivex.rxjava2:rxandroid:2.0.2] AndroidManifest.xml:19:5-43
MERGED from [com.squareup.leakcanary:leakcanary-analyzer:1.5.4] AndroidManifest.xml:21:5-44
MERGED from [com.squareup.leakcanary:leakcanary-analyzer:1.5.4] AndroidManifest.xml:21:5-44
INJECTED from src/main/AndroidManifest.xml
INJECTED from src/main/AndroidManifest.xml
	android:targetSdkVersion
		INJECTED from src/main/AndroidManifest.xml
		ADDED from src/main/AndroidManifest.xml
		INJECTED from src/main/AndroidManifest.xml
	android:minSdkVersion
		INJECTED from src/main/AndroidManifest.xml
		ADDED from src/main/AndroidManifest.xml
		INJECTED from src/main/AndroidManifest.xml
service#com.squareup.leakcanary.internal.HeapAnalyzerService
ADDED from [com.squareup.leakcanary:leakcanary-android:1.5.4] AndroidManifest.xml:27:9-30:45
	android:process
		ADDED from [com.squareup.leakcanary:leakcanary-android:1.5.4] AndroidManifest.xml:30:13-42
	android:enabled
		ADDED from [com.squareup.leakcanary:leakcanary-android:1.5.4] AndroidManifest.xml:29:13-36
	android:name
		ADDED from [com.squareup.leakcanary:leakcanary-android:1.5.4] AndroidManifest.xml:28:13-80
service#com.squareup.leakcanary.DisplayLeakService
ADDED from [com.squareup.leakcanary:leakcanary-android:1.5.4] AndroidManifest.xml:31:9-34:45
	android:process
		ADDED from [com.squareup.leakcanary:leakcanary-android:1.5.4] AndroidManifest.xml:34:13-42
	android:enabled
		ADDED from [com.squareup.leakcanary:leakcanary-android:1.5.4] AndroidManifest.xml:33:13-36
	android:name
		ADDED from [com.squareup.leakcanary:leakcanary-android:1.5.4] AndroidManifest.xml:32:13-70
activity#com.squareup.leakcanary.internal.DisplayLeakActivity
ADDED from [com.squareup.leakcanary:leakcanary-android:1.5.4] AndroidManifest.xml:36:9-49:20
	android:process
		ADDED from [com.squareup.leakcanary:leakcanary-android:1.5.4] AndroidManifest.xml:41:13-42
	android:enabled
		ADDED from [com.squareup.leakcanary:leakcanary-android:1.5.4] AndroidManifest.xml:38:13-36
	android:label
		ADDED from [com.squareup.leakcanary:leakcanary-android:1.5.4] AndroidManifest.xml:40:13-71
	android:icon
		ADDED from [com.squareup.leakcanary:leakcanary-android:1.5.4] AndroidManifest.xml:39:13-54
	android:theme
		ADDED from [com.squareup.leakcanary:leakcanary-android:1.5.4] AndroidManifest.xml:43:13-63
	android:taskAffinity
		ADDED from [com.squareup.leakcanary:leakcanary-android:1.5.4] AndroidManifest.xml:42:13-76
	android:name
		ADDED from [com.squareup.leakcanary:leakcanary-android:1.5.4] AndroidManifest.xml:37:13-80
activity#com.squareup.leakcanary.internal.RequestStoragePermissionActivity
ADDED from [com.squareup.leakcanary:leakcanary-android:1.5.4] AndroidManifest.xml:50:9-58:68
	android:process
		ADDED from [com.squareup.leakcanary:leakcanary-android:1.5.4] AndroidManifest.xml:56:13-42
	android:enabled
		ADDED from [com.squareup.leakcanary:leakcanary-android:1.5.4] AndroidManifest.xml:52:13-36
	android:label
		ADDED from [com.squareup.leakcanary:leakcanary-android:1.5.4] AndroidManifest.xml:55:13-82
	android:excludeFromRecents
		ADDED from [com.squareup.leakcanary:leakcanary-android:1.5.4] AndroidManifest.xml:53:13-46
	android:icon
		ADDED from [com.squareup.leakcanary:leakcanary-android:1.5.4] AndroidManifest.xml:54:13-54
	android:theme
		ADDED from [com.squareup.leakcanary:leakcanary-android:1.5.4] AndroidManifest.xml:58:13-65
	android:taskAffinity
		ADDED from [com.squareup.leakcanary:leakcanary-android:1.5.4] AndroidManifest.xml:57:13-76
	android:name
		ADDED from [com.squareup.leakcanary:leakcanary-android:1.5.4] AndroidManifest.xml:51:13-93
provider#android.arch.lifecycle.ProcessLifecycleOwnerInitializer
ADDED from [android.arch.lifecycle:extensions:1.1.1] AndroidManifest.xml:23:9-27:43
	android:authorities
		ADDED from [android.arch.lifecycle:extensions:1.1.1] AndroidManifest.xml:25:13-68
	android:multiprocess
		ADDED from [android.arch.lifecycle:extensions:1.1.1] AndroidManifest.xml:27:13-40
	android:exported
		ADDED from [android.arch.lifecycle:extensions:1.1.1] AndroidManifest.xml:26:13-37
	android:name
		ADDED from [android.arch.lifecycle:extensions:1.1.1] AndroidManifest.xml:24:13-83
meta-data#com.bumptech.glide.integration.okhttp3.OkHttpGlideModule
ADDED from [com.github.bumptech.glide:okhttp3-integration:1.5.0] AndroidManifest.xml:11:9-13:43
	android:value
		ADDED from [com.github.bumptech.glide:okhttp3-integration:1.5.0] AndroidManifest.xml:13:13-40
	android:name
		ADDED from [com.github.bumptech.glide:okhttp3-integration:1.5.0] AndroidManifest.xml:12:13-84